Removed Pin From Net: NetName=GPIO05 Pin=R7-1
Removed Pin From Net: NetName=NetQ1_3 Pin=R8-2
Removed Pin From Net: NetName=GPIO04 Pin=R9-1
Removed Pin From Net: NetName=NetQ2_3 Pin=R10-2
Removed Pin From Net: NetName=GPIO0 Pin=R11-1
Removed Pin From Net: NetName=NetQ3_3 Pin=R12-2
Change Component Footprint: Designator=R7 Old Footprint=RES 1210 New Footprint=RES-1/2W
Change Component Footprint: Designator=R8 Old Footprint=RES 1210 New Footprint=RES-1/2W
Change Component Footprint: Designator=R9 Old Footprint=RES 1210 New Footprint=RES-1/2W
Change Component Footprint: Designator=R10 Old Footprint=RES 1210 New Footprint=RES-1/2W
Change Component Footprint: Designator=R11 Old Footprint=RES 1210 New Footprint=RES-1/2W
Change Component Footprint: Designator=R12 Old Footprint=RES 1210 New Footprint=RES-1/2W
Change component parameters: Designator = "R7" ("R7"); Footprint = "RES 1210"; UniqueID = "\RZZJGIOL" ("\RZZJGIOL")
Change component parameters (AddParameter): Name = "Class"; Value = "Passive"; VariantName = "[No Variations]"
Change component parameters (AddParameter): Name = "Manufacturer"; Value = "Generic Components"; VariantName = "[No Variations]"
Change component parameters (AddParameter): Name = "Published"; Value = "08/06/2000"; VariantName = "[No Variations]"
Change component parameters (AddParameter): Name = "Publisher"; Value = "Altium Hobart Technology Centre"; VariantName = "[No Variations]"
Change component parameters (AddParameter): Name = "SubClass"; Value = "R"; VariantName = "[No Variations]"
Change component parameters: Designator = "R8" ("R8"); Footprint = "RES 1210"; UniqueID = "\XXKVTHEQ" ("\XXKVTHEQ")
Change component parameters (AddParameter): Name = "Class"; Value = "Passive"; VariantName = "[No Variations]"
Change component parameters (AddParameter): Name = "Manufacturer"; Value = "Generic Components"; VariantName = "[No Variations]"
Change component parameters (AddParameter): Name = "Published"; Value = "08/06/2000"; VariantName = "[No Variations]"
Change component parameters (AddParameter): Name = "Publisher"; Value = "Altium Hobart Technology Centre"; VariantName = "[No Variations]"
Change component parameters (AddParameter): Name = "SubClass"; Value = "R"; VariantName = "[No Variations]"
Change component parameters: Designator = "R9" ("R9"); Footprint = "RES 1210"; UniqueID = "\VRYNQQCH" ("\VRYNQQCH")
Change component parameters (AddParameter): Name = "Class"; Value = "Passive"; VariantName = "[No Variations]"
Change component parameters (AddParameter): Name = "Manufacturer"; Value = "Generic Components"; VariantName = "[No Variations]"
Change component parameters (AddParameter): Name = "Published"; Value = "08/06/2000"; VariantName = "[No Variations]"
Change component parameters (AddParameter): Name = "Publisher"; Value = "Altium Hobart Technology Centre"; VariantName = "[No Variations]"
Change component parameters (AddParameter): Name = "SubClass"; Value = "R"; VariantName = "[No Variations]"
Change component parameters: Designator = "R10" ("R10"); Footprint = "RES 1210"; UniqueID = "\XUTTHQZV" ("\XUTTHQZV")
Change component parameters (AddParameter): Name = "Class"; Value = "Passive"; VariantName = "[No Variations]"
Change component parameters (AddParameter): Name = "Manufacturer"; Value = "Generic Components"; VariantName = "[No Variations]"
Change component parameters (AddParameter): Name = "Published"; Value = "08/06/2000"; VariantName = "[No Variations]"
Change component parameters (AddParameter): Name = "Publisher"; Value = "Altium Hobart Technology Centre"; VariantName = "[No Variations]"
Change component parameters (AddParameter): Name = "SubClass"; Value = "R"; VariantName = "[No Variations]"
Change component parameters: Designator = "R11" ("R11"); Footprint = "RES 1210"; UniqueID = "\ABDLKFKL" ("\ABDLKFKL")
Change component parameters (AddParameter): Name = "Class"; Value = "Passive"; VariantName = "[No Variations]"
Change component parameters (AddParameter): Name = "Manufacturer"; Value = "Generic Components"; VariantName = "[No Variations]"
Change component parameters (AddParameter): Name = "Published"; Value = "08/06/2000"; VariantName = "[No Variations]"
Change component parameters (AddParameter): Name = "Publisher"; Value = "Altium Hobart Technology Centre"; VariantName = "[No Variations]"
Change component parameters (AddParameter): Name = "SubClass"; Value = "R"; VariantName = "[No Variations]"
Change component parameters: Designator = "R12" ("R12"); Footprint = "RES 1210"; UniqueID = "\MEJNDFUO" ("\MEJNDFUO")
Change component parameters (AddParameter): Name = "Class"; Value = "Passive"; VariantName = "[No Variations]"
Change component parameters (AddParameter): Name = "Manufacturer"; Value = "Generic Components"; VariantName = "[No Variations]"
Change component parameters (AddParameter): Name = "Published"; Value = "08/06/2000"; VariantName = "[No Variations]"
Change component parameters (AddParameter): Name = "Publisher"; Value = "Altium Hobart Technology Centre"; VariantName = "[No Variations]"
Change component parameters (AddParameter): Name = "SubClass"; Value = "R"; VariantName = "[No Variations]"
Added Pin To Net: NetName=GPIO05 Pin=R7-2
Added Pin To Net: NetName=NetQ1_3 Pin=R8-1
Added Pin To Net: NetName=GPIO04 Pin=R9-2
Added Pin To Net: NetName=NetQ2_3 Pin=R10-1
Added Pin To Net: NetName=GPIO0 Pin=R11-2
Added Pin To Net: NetName=NetQ3_3 Pin=R12-1
Added Pin To Net: NetName=NetR7_1 Pin=R7-1
Added Pin To Net: NetName=NetR7_1 Pin=U3-1
Added Net: Name=NetR7_1
Added Pin To Net: NetName=NetR8_2 Pin=R8-2
Added Pin To Net: NetName=NetR8_2 Pin=U3-3
Added Net: Name=NetR8_2
Added Pin To Net: NetName=NetR9_1 Pin=R9-1
Added Pin To Net: NetName=NetR9_1 Pin=U4-1
Added Net: Name=NetR9_1
Added Pin To Net: NetName=NetR10_2 Pin=R10-2
Added Pin To Net: NetName=NetR10_2 Pin=U4-3
Added Net: Name=NetR10_2
Added Pin To Net: NetName=NetR11_1 Pin=R11-1
Added Pin To Net: NetName=NetR11_1 Pin=U5-1
Added Net: Name=NetR11_1
Added Pin To Net: NetName=NetR12_2 Pin=R12-2
Added Pin To Net: NetName=NetR12_2 Pin=U5-3
Added Net: Name=NetR12_2
