Removed Pin From Net: NetName=GPIO03 Pin=J4-1
Removed Pin From Net: NetName=GPIO04 Pin=J4-2
Removed Pin From Net: NetName=GPIO05 Pin=J4-3
Removed Pin From Net: NetName=GPIO0 Pin=J4-4
Removed Pin From Net: NetName=GPIO02 Pin=J4-5
Removed Pin From Net: NetName=GPIO15 Pin=J4-6
Removed Pin From Net: NetName=SPI_CS Pin=J4-7
Removed Pin From Net: NetName=GPIO16 Pin=J5-1
Removed Pin From Net: NetName=GPIO14 Pin=J5-2
Removed Pin From Net: NetName=GPIO12 Pin=J5-3
Removed Pin From Net: NetName=GPIO13 Pin=J5-4
Removed Pin From Net: NetName=GPIO09 Pin=J5-5
Removed Pin From Net: NetName=GPIO01 Pin=J5-6
Removed Pin From Net: NetName=CS Pin=J?-1
Removed Pin From Net: NetName=CS Pin=J?-2
Removed Pin From Net: NetName=CS Pin=J?-3
Removed Pin From Net: NetName=CS Pin=J?-4
Removed Pin From Net: NetName=+5 Pin=J?-5
Removed Pin From Net: NetName=+5 Pin=J?-6
Removed Pin From Net: NetName=+5 Pin=J?-7
Removed Pin From Net: NetName=+5 Pin=J?-8
Added Component: Designator=KF1(Con 2 KF301 5.08)
Add component (AddParameter): Name = "Chung_Loai"; Value = "C?m"; VariantName = "[No Variations]"
Add component (AddParameter): Name = "Don_Vi"; Value = "Con"; VariantName = "[No Variations]"
Add component (AddParameter): Name = "Ghi_Chu"; Value = ""; VariantName = "[No Variations]"
Add component (AddParameter): Name = "Kieu_Chan"; Value = ""; VariantName = "[No Variations]"
Add component (AddParameter): Name = "Ma_Hang"; Value = "MH000987"; VariantName = "[No Variations]"
Add component (AddParameter): Name = "Ten_Linh_Kien"; Value = "CON 2 KF301-2P 5.08MM Xanh Duong"; VariantName = "[No Variations]"
Added Component: Designator=P?(CON 3 3EDG5.08)
Add component (AddParameter): Name = "Chung_Loai"; Value = "C?m"; VariantName = "[No Variations]"
Add component (AddParameter): Name = "Don_Vi"; Value = "Con"; VariantName = "[No Variations]"
Add component (AddParameter): Name = "Ghi_Chu"; Value = ""; VariantName = "[No Variations]"
Add component (AddParameter): Name = "Kieu_Chan"; Value = ""; VariantName = "[No Variations]"
Add component (AddParameter): Name = "Ma_Hang"; Value = "MH000760"; VariantName = "[No Variations]"
Add component (AddParameter): Name = "Ten_Linh_Kien"; Value = "CON 3 2EDG5.08-3P 5.08MM ( Xanh Cong)"; VariantName = "[No Variations]"
Added Component: Designator=P?(CON 4 4EDG5.08)
Add component (AddParameter): Name = "Chung_Loai"; Value = "C?m"; VariantName = "[No Variations]"
Add component (AddParameter): Name = "Don_Vi"; Value = "Con"; VariantName = "[No Variations]"
Add component (AddParameter): Name = "Ghi_Chu"; Value = ""; VariantName = "[No Variations]"
Add component (AddParameter): Name = "Kieu_Chan"; Value = ""; VariantName = "[No Variations]"
Add component (AddParameter): Name = "Ma_Hang"; Value = "MH000979"; VariantName = "[No Variations]"
Add component (AddParameter): Name = "Ten_Linh_Kien"; Value = "CON 4 2EDG5.08-4P 5.08MM ( Xanh Cong)"; VariantName = "[No Variations]"
Added Component: Designator=P?(CON 4 4EDG5.08)
Add component (AddParameter): Name = "Chung_Loai"; Value = "C?m"; VariantName = "[No Variations]"
Add component (AddParameter): Name = "Don_Vi"; Value = "Con"; VariantName = "[No Variations]"
Add component (AddParameter): Name = "Ghi_Chu"; Value = ""; VariantName = "[No Variations]"
Add component (AddParameter): Name = "Kieu_Chan"; Value = ""; VariantName = "[No Variations]"
Add component (AddParameter): Name = "Ma_Hang"; Value = "MH000979"; VariantName = "[No Variations]"
Add component (AddParameter): Name = "Ten_Linh_Kien"; Value = "CON 4 2EDG5.08-4P 5.08MM ( Xanh Cong)"; VariantName = "[No Variations]"
Added Pin To Net: NetName=GPIO01 Pin=KF1-1
Added Pin To Net: NetName=GPIO09 Pin=KF1-2
Added Pin To Net: NetName=GPIO02 Pin=P?-1
Added Pin To Net: NetName=GPIO03 Pin=P?-1
Added Pin To Net: NetName=GPIO03 Pin=P?-1
Added Pin To Net: NetName=GPIO16 Pin=P?-1
Added Pin To Net: NetName=GPIO16 Pin=P?-1
Added Pin To Net: NetName=GPIO04 Pin=P?-2
Added Pin To Net: NetName=GPIO04 Pin=P?-2
Added Pin To Net: NetName=GPIO14 Pin=P?-2
Added Pin To Net: NetName=GPIO14 Pin=P?-2
Added Pin To Net: NetName=GPIO15 Pin=P?-2
Added Pin To Net: NetName=GPIO05 Pin=P?-3
Added Pin To Net: NetName=GPIO05 Pin=P?-3
Added Pin To Net: NetName=GPIO12 Pin=P?-3
Added Pin To Net: NetName=GPIO12 Pin=P?-3
Added Pin To Net: NetName=SPI_CS Pin=P?-3
Added Pin To Net: NetName=GPIO0 Pin=P?-4
Added Pin To Net: NetName=GPIO13 Pin=P?-4
Added Member To Class: ClassName=Sheet2 Member=Component BT1 Nut Nhan 4 Chan SMD 6x6
Added Member To Class: ClassName=Sheet2 Member=Component C1 100nF
Added Member To Class: ClassName=Sheet2 Member=Component C2 100uF
Added Member To Class: ClassName=Sheet2 Member=Component C3 SPI
Added Member To Class: ClassName=Sheet2 Member=Component D1 SS34
Added Member To Class: ClassName=Sheet2 Member=Component D2 Diode
Added Member To Class: ClassName=Sheet2 Member=Component D3 Diode
Added Member To Class: ClassName=Sheet2 Member=Component D4 Diode
Added Member To Class: ClassName=Sheet2 Member=Component J1 KF3
Added Member To Class: ClassName=Sheet2 Member=Component J2 KF3
Added Member To Class: ClassName=Sheet2 Member=Component J3 KF3
Added Member To Class: ClassName=Sheet2 Member=Component JDC1 Jac DC
Added Member To Class: ClassName=Sheet2 Member=Component KF1 CON 2 
Added Member To Class: ClassName=Sheet2 Member=Component M1 Mach nap ESP
Added Member To Class: ClassName=Sheet2 Member=Component P? CON 3 EDG5.08
Added Member To Class: ClassName=Sheet2 Member=Component P? CON 4 EDG5.08
Added Member To Class: ClassName=Sheet2 Member=Component P? CON 4 EDG5.08
Added Member To Class: ClassName=Sheet2 Member=Component Q1 C1815
Added Member To Class: ClassName=Sheet2 Member=Component Q2 C1815
Added Member To Class: ClassName=Sheet2 Member=Component Q3 C1815
Added Member To Class: ClassName=Sheet2 Member=Component R1 10k
Added Member To Class: ClassName=Sheet2 Member=Component R2 10k
Added Member To Class: ClassName=Sheet2 Member=Component R3 10k
Added Member To Class: ClassName=Sheet2 Member=Component R4 10k
Added Member To Class: ClassName=Sheet2 Member=Component R5 10k
Added Member To Class: ClassName=Sheet2 Member=Component R6 10k
Added Member To Class: ClassName=Sheet2 Member=Component R7 1k
Added Member To Class: ClassName=Sheet2 Member=Component R8 1k
Added Member To Class: ClassName=Sheet2 Member=Component R9 1k
Added Member To Class: ClassName=Sheet2 Member=Component R10 1k
Added Member To Class: ClassName=Sheet2 Member=Component R11 1k
Added Member To Class: ClassName=Sheet2 Member=Component R12 1k
Added Member To Class: ClassName=Sheet2 Member=Component RL1 Relay
Added Member To Class: ClassName=Sheet2 Member=Component RL2 Relay
Added Member To Class: ClassName=Sheet2 Member=Component RL3 Relay
Added Member To Class: ClassName=Sheet2 Member=Component U1 AMS1117-3.3V
Added Member To Class: ClassName=Sheet2 Member=Component U2 ESP8266 12
Added Member To Class: ClassName=Sheet2 Member=Component U3 PC817
Added Member To Class: ClassName=Sheet2 Member=Component U4 PC817
Added Member To Class: ClassName=Sheet2 Member=Component U5 PC817
